<?xml version="1.0" encoding="UTF-8"?>
<!-- Generated by org.testng.reporters.JUnitReportReporter -->
<testsuite hostname="DESKTOP-5P05O7L" failures="0" tests="1" name="testCases.TC_001_CreateAnAccount" time="6.721" errors="0" timestamp="2024-10-26T14:12:10 IST" skipped="0">
  <testcase classname="testCases.TC_001_CreateAnAccount" name="verify_CreatinAnAccount" time="6.721"/>
</testsuite> <!-- testCases.TC_001_CreateAnAccount -->
