<?xml version="1.0" encoding="UTF-8"?>
<!-- Generated by org.testng.reporters.JUnitReportReporter -->
<testsuite hostname="DESKTOP-5P05O7L" failures="0" tests="1" name="testCases.TC002_SignIn_To_Account" time="11.467" errors="0" timestamp="2024-10-26T14:13:22 IST" skipped="0">
  <testcase classname="testCases.TC002_SignIn_To_Account" name="verifyLogin" time="11.467"/>
</testsuite> <!-- testCases.TC002_SignIn_To_Account -->
